<?xml version="1.0" encoding="UTF-8"?>
<!-- Generated by org.testng.reporters.JUnitReportReporter -->
<testsuite hostname="DESKTOP-CJTH8PE" failures="0" tests="1" name="Project24.shine" time="39.760" errors="0" timestamp="2024-10-30T12:16:17 IST" skipped="0">
  <testcase classname="Project24.shine" name="test1" time="39.760"/>
</testsuite> <!-- Project24.shine -->
